c:\users\delos\documents\scripting and programming applications\code tester\debug\vc142.pdb
c:\users\delos\documents\scripting and programming applications\code tester\debug\vc142.idb
c:\users\delos\documents\scripting and programming applications\code tester\debug\roster.obj
c:\users\delos\documents\scripting and programming applications\code tester\debug\student.obj
c:\users\delos\documents\scripting and programming applications\code tester\debug\main.obj
c:\users\delos\documents\scripting and programming applications\code tester\debug\final project.ilk
c:\users\delos\documents\scripting and programming applications\code tester\debug\final project.exe
c:\users\delos\documents\scripting and programming applications\code tester\debug\final project.pdb
c:\users\delos\documents\scripting and programming applications\c867 - performance assessment final draft\debug\main.obj
c:\users\delos\documents\scripting and programming applications\c867 - performance assessment final draft\debug\roster.obj
c:\users\delos\documents\scripting and programming applications\c867 - performance assessment final draft\debug\student.obj
c:\users\delos\documents\scripting and programming applications\c867 - performance assessment final draft\debug\final project.ilk
c:\users\delos\documents\scripting and programming applications\c867 - performance assessment final draft\debug\vc142.idb
c:\users\delos\documents\scripting and programming applications\c867 - performance assessment final draft\debug\final project.pdb
c:\users\delos\documents\scripting and programming applications\c867 - performance assessment final draft\debug\vc142.pdb
c:\users\delos\documents\scripting and programming applications\c867 - performance assessment final draft\debug\final project.exe
c:\users\delos\documents\scripting and programming applications\c867 - performance assessment final draft\debug\final project.tlog\cl.command.1.tlog
c:\users\delos\documents\scripting and programming applications\c867 - performance assessment final draft\debug\final project.tlog\cl.read.1.tlog
c:\users\delos\documents\scripting and programming applications\c867 - performance assessment final draft\debug\final project.tlog\cl.write.1.tlog
c:\users\delos\documents\scripting and programming applications\c867 - performance assessment final draft\debug\final project.tlog\link.command.1.tlog
c:\users\delos\documents\scripting and programming applications\c867 - performance assessment final draft\debug\final project.tlog\link.read.1.tlog
c:\users\delos\documents\scripting and programming applications\c867 - performance assessment final draft\debug\final project.tlog\link.write.1.tlog
